go->-1
{->-1
number->-1
id->0
;->-1
cin->-1
>>->-1
id->0
;->-1
number->-1
id->0
;->-1
id->0
=->-1
const->0
;->-1
if->-1
(->-1
id->0
<->-1
const->0
or->-1
id->0
>->-1
const->0
and->-1
id->0
%->-1
const->0
==->-1
const->0
)->-1
{->-1
id->0
=->-1
const->0
;->-1
}->-1
for->-1
(->-1
id->0
=->-1
const->0
;->-1
id->0
*->-1
id->0
<=->-1
id->0
;->-1
id->0
=->-1
id->0
+->-1
const->0
)->-1
{->-1
if->-1
(->-1
id->0
%->-1
id->0
==->-1
const->0
)->-1
{->-1
id->0
=->-1
const->0
;->-1
}->-1
}->-1
if->-1
(->-1
id->0
==->-1
const->0
)->-1
{->-1
cout->-1
<<->-1
const->0
;->-1
}->-1
else->-1
{->-1
cout->-1
<<->-1
const->0
;->-1
}->-1
}->-1
