go->-1
{->-1
number->-1
id->0
;->-1
cin->-1
>>->-1
id->0
;->-1
number->-1
id->0
;->-1
id->0
=->-1
const->5
;->-1
if->-1
(->-1
id->0
<->-1
const->7
or->-1
id->0
>->-1
const->7
and->-1
id->0
%->-1
const->7
==->-1
const->12
)->-1
{->-1
id->0
=->-1
const->12
;->-1
}->-1
for->-1
(->-1
id->0
=->-1
const->16
;->-1
id->0
*->-1
id->0
<=->-1
id->0
;->-1
id->0
=->-1
id->0
+->-1
const->7
)->-1
{->-1
if->-1
(->-1
id->0
%->-1
id->0
==->-1
const->12
)->-1
{->-1
id->0
=->-1
const->12
;->-1
}->-1
}->-1
if->-1
(->-1
id->0
==->-1
const->5
)->-1
{->-1
cout->-1
<<->-1
const->30
;->-1
}->-1
else->-1
{->-1
cout->-1
<<->-1
const->31
;->-1
}->-1
}->-1
